Unity Editor version:    2021.3.24f1 (cf10dcf7010d)
Branch:                  2021.3/staging
Build type:              Release
Batch mode:              YES
macOS version:           Version 14.4 (Build 23E214)
Darwin version:          23.4.0
Architecture:            arm64
Running under Rosetta:   NO
Available memory:        8192 MB
Using pre-set license
Pro License: YES

COMMAND LINE ARGUMENTS:
/Applications/Unity/Hub/Editor/2021.3.24f1/Unity.app/Contents/MacOS/Unity
-adb2
-batchMode
-noUpm
-name
AssetImportWorker0
-projectPath
/Users/dmytrosolodovnyk/Voidwalker moon Exodus Chapter 1
-logFile
Logs/AssetImportWorker0.log
-srvPort
60420
Successfully changed project path to: /Users/dmytrosolodovnyk/Voidwalker moon Exodus Chapter 1
/Users/dmytrosolodovnyk/Voidwalker moon Exodus Chapter 1
[UnityMemory] Configuration Parameters - Can be set up in boot.config
    "memorysetup-bucket-allocator-granularity=16"
    "memorysetup-bucket-allocator-bucket-count=8"
    "memorysetup-bucket-allocator-block-size=33554432"
    "memorysetup-bucket-allocator-block-count=8"
    "memorysetup-main-allocator-block-size=16777216"
    "memorysetup-thread-allocator-block-size=16777216"
    "memorysetup-gfx-main-allocator-block-size=16777216"
    "memorysetup-gfx-thread-allocator-block-size=16777216"
    "memorysetup-cache-allocator-block-size=4194304"
    "memorysetup-typetree-allocator-block-size=2097152"
    "memorysetup-profiler-bucket-allocator-granularity=16"
    "memorysetup-profiler-bucket-allocator-bucket-count=8"
    "memorysetup-profiler-bucket-allocator-block-size=33554432"
    "memorysetup-profiler-bucket-allocator-block-count=8"
    "memorysetup-profiler-allocator-block-size=16777216"
    "memorysetup-profiler-editor-allocator-block-size=1048576"
    "memorysetup-temp-allocator-size-main=16777216"
    "memorysetup-job-temp-allocator-block-size=2097152"
    "memorysetup-job-temp-allocator-block-size-background=1048576"
    "memorysetup-job-temp-allocator-reduction-small-platforms=262144"
    "memorysetup-temp-allocator-size-background-worker=32768"
    "memorysetup-temp-allocator-size-job-worker=262144"
    "memorysetup-temp-allocator-size-preload-manager=33554432"
    "memorysetup-temp-allocator-size-nav-mesh-worker=65536"
    "memorysetup-temp-allocator-size-audio-worker=65536"
    "memorysetup-temp-allocator-size-cloud-worker=32768"
    "memorysetup-temp-allocator-size-gi-baking-worker=262144"
    "memorysetup-temp-allocator-size-gfx=262144"
Player connection [8638364352] Host "[IP] 192.168.0.125 [Port] 0 [Flags] 2 [Guid] 142176175 [EditorId] 142176175 [Version] 1048832 [Id] OSXEditor(0,Air-Dmitro) [Debug] 1 [PackageName] OSXEditor [ProjectName] Editor" joined multi-casting on [225.0.0.222:54997]...

Player connection [8638364352] Host "[IP] 192.168.0.125 [Port] 0 [Flags] 2 [Guid] 142176175 [EditorId] 142176175 [Version] 1048832 [Id] OSXEditor(0,Air-Dmitro) [Debug] 1 [PackageName] OSXEditor [ProjectName] Editor" joined alternative multi-casting on [225.0.0.222:34997]...

Refreshing native plugins compatible for Editor in 52.08 ms, found 2 plugins.
Preloading 0 native plugins for Editor in 0.00 ms.
Initialize engine version: 2021.3.24f1 (cf10dcf7010d)
[Subsystems] Discovering subsystems at path /Applications/Unity/Hub/Editor/2021.3.24f1/Unity.app/Contents/Resources/UnitySubsystems
[Subsystems] Discovering subsystems at path /Users/dmytrosolodovnyk/Voidwalker moon Exodus Chapter 1/Assets
GfxDevice: creating device client; threaded=0; jobified=0
 preferred device: Apple M2 (high power)
Metal devices available: 1
0: Apple M2 (high power)
Using device Apple M2 (high power)
Initializing Metal device caps: Apple M2
Initialize mono
Mono path[0] = '/Applications/Unity/Hub/Editor/2021.3.24f1/Unity.app/Contents/Managed'
Mono path[1] = '/Applications/Unity/Hub/Editor/2021.3.24f1/Unity.app/Contents/MonoBleedingEdge/lib/mono/unityjit-macos'
Mono config path = '/Applications/Unity/Hub/Editor/2021.3.24f1/Unity.app/Contents/MonoBleedingEdge/etc'
Using monoOptions --debugger-agent=transport=dt_socket,embedding=1,server=y,suspend=n,address=127.0.0.1:56875
Begin MonoManager ReloadAssembly
Registering precompiled unity dll's ...
Register platform support module: /Applications/Unity/Hub/Editor/2021.3.24f1/PlaybackEngines/WebGLSupport/UnityEditor.WebGL.Extensions.dll
Register platform support module: /Applications/Unity/Hub/Editor/2021.3.24f1/Unity.app/Contents/PlaybackEngines/MacStandaloneSupport/UnityEditor.OSXStandalone.Extensions.dll
Registered in 0.000420 seconds.
Native extension for OSXStandalone target not found
Native extension for WebGL target not found
Refreshing native plugins compatible for Editor in 51.88 ms, found 2 plugins.
Preloading 0 native plugins for Editor in 0.00 ms.
Mono: successfully reloaded assembly
- Completed reload, in  0.346 seconds
Domain Reload Profiling:
	ReloadAssembly (346ms)
		BeginReloadAssembly (39ms)
			ExecutionOrderSort (0ms)
			DisableScriptedObjects (0ms)
			BackupInstance (0ms)
			ReleaseScriptingObjects (0ms)
			CreateAndSetChildDomain (0ms)
		EndReloadAssembly (256ms)
			LoadAssemblies (39ms)
			RebuildTransferFunctionScriptingTraits (0ms)
			SetupTypeCache (63ms)
			ReleaseScriptCaches (0ms)
			RebuildScriptCaches (18ms)
			SetupLoadedEditorAssemblies (152ms)
				LogAssemblyErrors (0ms)
				InitializePlatformSupportModulesInManaged (3ms)
				SetLoadedEditorAssemblies (0ms)
				RefreshPlugins (52ms)
				BeforeProcessingInitializeOnLoad (1ms)
				ProcessInitializeOnLoadAttributes (75ms)
				ProcessInitializeOnLoadMethodAttributes (22ms)
				AfterProcessingInitializeOnLoad (0ms)
				EditorAssembliesLoaded (0ms)
			ExecutionOrderSort2 (0ms)
			AwakeInstancesAfterBackupRestoration (0ms)
Platform modules already initialized, skipping
Registering precompiled user dll's ...
Registered in 0.000979 seconds.
Begin MonoManager ReloadAssembly
Symbol file LoadedFromMemory doesn't match image /Users/dmytrosolodovnyk/Voidwalker moon Exodus Chapter 1/Library/PackageCache/com.unity.visualscripting@1.8.0/Editor/VisualScripting.Core/Dependencies/YamlDotNet/Unity.VisualScripting.YamlDotNet.dll
Symbol file LoadedFromMemory doesn't match image /Users/dmytrosolodovnyk/Voidwalker moon Exodus Chapter 1/Library/PackageCache/com.unity.visualscripting@1.8.0/Editor/VisualScripting.Core/Dependencies/DotNetZip/Unity.VisualScripting.IonicZip.dll
Native extension for OSXStandalone target not found
Native extension for WebGL target not found
Refreshing native plugins compatible for Editor in 0.29 ms, found 2 plugins.
Preloading 0 native plugins for Editor in 0.00 ms.
Mono: successfully reloaded assembly
- Completed reload, in  0.557 seconds
Domain Reload Profiling:
	ReloadAssembly (558ms)
		BeginReloadAssembly (60ms)
			ExecutionOrderSort (0ms)
			DisableScriptedObjects (3ms)
			BackupInstance (0ms)
			ReleaseScriptingObjects (0ms)
			CreateAndSetChildDomain (14ms)
		EndReloadAssembly (439ms)
			LoadAssemblies (54ms)
			RebuildTransferFunctionScriptingTraits (0ms)
			SetupTypeCache (161ms)
			ReleaseScriptCaches (1ms)
			RebuildScriptCaches (32ms)
			SetupLoadedEditorAssemblies (177ms)
				LogAssemblyErrors (0ms)
				InitializePlatformSupportModulesInManaged (2ms)
				SetLoadedEditorAssemblies (0ms)
				RefreshPlugins (0ms)
				BeforeProcessingInitializeOnLoad (44ms)
				ProcessInitializeOnLoadAttributes (121ms)
				ProcessInitializeOnLoadMethodAttributes (9ms)
				AfterProcessingInitializeOnLoad (1ms)
				EditorAssembliesLoaded (0ms)
			ExecutionOrderSort2 (0ms)
			AwakeInstancesAfterBackupRestoration (2ms)
Platform modules already initialized, skipping
========================================================================
Worker process is ready to serve import requests
Launching external process: /Applications/Unity/Hub/Editor/2021.3.24f1/Unity.app/Contents/Tools/UnityShaderCompiler
Launched and connected shader compiler UnityShaderCompiler after 0.03 seconds
Refreshing native plugins compatible for Editor in 0.30 ms, found 2 plugins.
Preloading 0 native plugins for Editor in 0.00 ms.
Unloading 3047 Unused Serialized files (Serialized files now loaded: 0)
Unloading 22 unused Assets / (Unknown). Loaded Objects now: 3509.
Memory consumption went from 101.7 MB to 101.8 MB.
Total: 2.097791 ms (FindLiveObjects: 0.114667 ms CreateObjectMapping: 0.045750 ms MarkObjects: 1.891125 ms  DeleteObjects: 0.045791 ms)

AssetImportParameters requested are different than current active one (requested -> active):
  custom:video-decoder-ogg-theora: a1e56fd34408186e4bbccfd4996cb3dc -> 
  custom:container-muxer-webm: aa71ff27fc2769a1b78a27578f13a17b -> 
  custom:container-demuxer-webm: 4f35f7cbe854078d1ac9338744f61a02 -> 
  custom:video-encoder-webm-vp8: eb34c28f22e8b96e1ab97ce403110664 -> 
  custom:framework-osx-AVFoundation: e770b220cccbd017edd2c1fefb359320 -> 
  custom:audio-encoder-webm-vorbis: bf7c407c2cedff20999df2af8eb42d56 -> 
  custom:container-demuxer-ogg: 62fdf1f143b41e24485cea50d1cbac27 -> 
  custom:video-decoder-webm-vp8: 9c59270c3fd7afecdb556c50c9e8de78 -> 
  custom:audio-decoder-ogg-vorbis: bf7c407c2cedff20999df2af8eb42d56 -> 
========================================================================
Received Import Request.
  Time since last request: 27264.970465 seconds.
  path: Assets/Scripts
  artifactKey: Guid(868564abc3a20431a938b83fb620fc5c) Importer(815301076,1909f56bfc062723c751e8b465ee728b)
Start importing Assets/Scripts using Guid(868564abc3a20431a938b83fb620fc5c) Importer(815301076,1909f56bfc062723c751e8b465ee728b)  -> (artifact id: 'b3c080963f1101e093997a688d47c619') in 0.003713 seconds 
========================================================================
Received Import Request.
  Time since last request: 3.663544 seconds.
  path: Assets/Prefabs
  artifactKey: Guid(b273a9585461e4fc5baa442d0a0f7d39) Importer(815301076,1909f56bfc062723c751e8b465ee728b)
Start importing Assets/Prefabs using Guid(b273a9585461e4fc5baa442d0a0f7d39) Importer(815301076,1909f56bfc062723c751e8b465ee728b)  -> (artifact id: 'b9c2696f955a40464b7b20f8dc8deda6') in 0.001052 seconds 
========================================================================
Received Import Request.
  Time since last request: 7.693313 seconds.
  path: Assets/Part
  artifactKey: Guid(0b2f2a056047849cea0a3324a37fd30c) Importer(815301076,1909f56bfc062723c751e8b465ee728b)
Start importing Assets/Part using Guid(0b2f2a056047849cea0a3324a37fd30c) Importer(815301076,1909f56bfc062723c751e8b465ee728b)  -> (artifact id: '4dda4b6f3c743bb38b483f8ec82ef103') in 0.001797 seconds 
========================================================================
Received Import Request.
  Time since last request: 22.698115 seconds.
  path: Assets/ParticleSystem
  artifactKey: Guid(0b2f2a056047849cea0a3324a37fd30c) Importer(815301076,1909f56bfc062723c751e8b465ee728b)
Start importing Assets/ParticleSystem using Guid(0b2f2a056047849cea0a3324a37fd30c) Importer(815301076,1909f56bfc062723c751e8b465ee728b)  -> (artifact id: 'fe9cab4dd89a07b16e0592c568c052bb') in 0.000638 seconds 
========================================================================
Received Import Request.
  Time since last request: 10.611939 seconds.
  path: Assets/3DModels
  artifactKey: Guid(17f5b175a60fe43f3b35279e78bebb19) Importer(815301076,1909f56bfc062723c751e8b465ee728b)
Start importing Assets/3DModels using Guid(17f5b175a60fe43f3b35279e78bebb19) Importer(815301076,1909f56bfc062723c751e8b465ee728b)  -> (artifact id: '3312013e798eb4015d7cfa55b3ac33d4') in 0.000751 seconds 
========================================================================
Received Import Request.
  Time since last request: 5.414316 seconds.
  path: Assets/New Folder
  artifactKey: Guid(fa66fdb2c5e8e4aaab512351df242f78) Importer(815301076,1909f56bfc062723c751e8b465ee728b)
Start importing Assets/New Folder using Guid(fa66fdb2c5e8e4aaab512351df242f78) Importer(815301076,1909f56bfc062723c751e8b465ee728b)  -> (artifact id: '6272a87e3beb4b5b679d2e498c89a755') in 0.000912 seconds 
========================================================================
Received Import Request.
  Time since last request: 0.579738 seconds.
  path: Assets/Scenes
  artifactKey: Guid(6ea315d0fd7389c41b19996891e99ae3) Importer(815301076,1909f56bfc062723c751e8b465ee728b)
Start importing Assets/Scenes using Guid(6ea315d0fd7389c41b19996891e99ae3) Importer(815301076,1909f56bfc062723c751e8b465ee728b)  -> (artifact id: 'b8193726cff86800c54781cdc6d54904') in 0.001481 seconds 
========================================================================
Received Import Request.
  Time since last request: 1.201625 seconds.
  path: Assets/Scenes/SampleScene.unity
  artifactKey: Guid(9fc0d4010bbf28b4594072e72b8655ab) Importer(815301076,1909f56bfc062723c751e8b465ee728b)
Start importing Assets/Scenes/SampleScene.unity using Guid(9fc0d4010bbf28b4594072e72b8655ab) Importer(815301076,1909f56bfc062723c751e8b465ee728b)  -> (artifact id: 'e55ccaa32d8e5c1de03c07a5412c8c3c') in 0.001052 seconds 
========================================================================
Received Import Request.
  Time since last request: 13.417766 seconds.
  path: Assets/Scenes/MainManu.unity
  artifactKey: Guid(9fc0d4010bbf28b4594072e72b8655ab) Importer(815301076,1909f56bfc062723c751e8b465ee728b)
Start importing Assets/Scenes/MainManu.unity using Guid(9fc0d4010bbf28b4594072e72b8655ab) Importer(815301076,1909f56bfc062723c751e8b465ee728b)  -> (artifact id: 'b5a82b5e51d6eb1a624a976f5feaa7b3') in 0.001050 seconds 
========================================================================
Received Import Request.
  Time since last request: 9.605716 seconds.
  path: Assets/Scenes/MainMenu.unity
  artifactKey: Guid(9fc0d4010bbf28b4594072e72b8655ab) Importer(815301076,1909f56bfc062723c751e8b465ee728b)
Start importing Assets/Scenes/MainMenu.unity using Guid(9fc0d4010bbf28b4594072e72b8655ab) Importer(815301076,1909f56bfc062723c751e8b465ee728b)  -> (artifact id: '388161682cbde19b13028e362577cc05') in 0.001166 seconds 
========================================================================
Received Import Request.
  Time since last request: 29.065506 seconds.
  path: Assets/Scenes/GameScene.unity
  artifactKey: Guid(6630dda4c07c34922b0ee6207b87c2f1) Importer(815301076,1909f56bfc062723c751e8b465ee728b)
Start importing Assets/Scenes/GameScene.unity using Guid(6630dda4c07c34922b0ee6207b87c2f1) Importer(815301076,1909f56bfc062723c751e8b465ee728b)  -> (artifact id: 'ce058fd3648224533db1e4a873235cd8') in 0.000889 seconds 
========================================================================
Received Import Request.
  Time since last request: 14.671789 seconds.
  path: Assets/Scenes/MainMenuScene.unity
  artifactKey: Guid(9fc0d4010bbf28b4594072e72b8655ab) Importer(815301076,1909f56bfc062723c751e8b465ee728b)
Start importing Assets/Scenes/MainMenuScene.unity using Guid(9fc0d4010bbf28b4594072e72b8655ab) Importer(815301076,1909f56bfc062723c751e8b465ee728b)  -> (artifact id: 'ae7c1b463bbe1d70ab14263cce5f6e31') in 0.001284 seconds 
========================================================================
Received Import Request.
  Time since last request: 38.556656 seconds.
  path: Assets/VoidWalkerChapter1
  artifactKey: Guid(5f05b08a3b7f34428aad896e7320ab4f) Importer(815301076,1909f56bfc062723c751e8b465ee728b)
Start importing Assets/VoidWalkerChapter1 using Guid(5f05b08a3b7f34428aad896e7320ab4f) Importer(815301076,1909f56bfc062723c751e8b465ee728b)  -> (artifact id: 'aab46343d15590e2e3d74b8b60fefdba') in 0.000746 seconds 
========================================================================
Received Import Request.
  Time since last request: 22.772822 seconds.
  path: Assets/VoidWalkerChapter1/Animations
  artifactKey: Guid(89a6bf7b15964485893c007eebfada7d) Importer(815301076,1909f56bfc062723c751e8b465ee728b)
Start importing Assets/VoidWalkerChapter1/Animations using Guid(89a6bf7b15964485893c007eebfada7d) Importer(815301076,1909f56bfc062723c751e8b465ee728b)  -> (artifact id: 'b66d829514947d5fc5a437f937722a2d') in 0.000746 seconds 
========================================================================
Received Import Request.
  Time since last request: 18.445470 seconds.
  path: Assets/VoidWalkerChapter1/2DIcons
  artifactKey: Guid(7773c422a6e23462cbfbae46b9edd90e) Importer(815301076,1909f56bfc062723c751e8b465ee728b)
Start importing Assets/VoidWalkerChapter1/2DIcons using Guid(7773c422a6e23462cbfbae46b9edd90e) Importer(815301076,1909f56bfc062723c751e8b465ee728b)  -> (artifact id: '07d23ffd39ee4a89cc8c8b2b9a6569e4') in 0.000996 seconds 
